#
# There is insufficient memory for the Java Runtime Environment to continue.
# Native memory allocation (malloc) failed to allocate 1048576 bytes for AllocateHeap
# Possible reasons:
#   The system is out of physical RAM or swap space
#   In 32 bit mode, the process size limit was hit
# Possible solutions:
#   Reduce memory load on the system
#   Increase physical memory or swap space
#   Check if swap backing store is full
#   Use 64 bit Java on a 64 bit OS
#   Decrease Java heap size (-Xmx/-Xms)
#   Decrease number of Java threads
#   Decrease Java thread stack sizes (-Xss)
#   Set larger code cache with -XX:ReservedCodeCacheSize=
# This output file may be truncated or incomplete.
#
#  Out of Memory Error (memory/allocation.inline.hpp:61), pid=13000, tid=0x0000000000001570
#
# JRE version:  (8.0_76-b03) (build )
# Java VM: OpenJDK 64-Bit Server VM (25.76-b03 mixed mode windows-amd64 compressed oops)
# Failed to write core dump. Minidumps are not enabled by default on client versions of Windows
#

---------------  T H R E A D  ---------------

Current thread (0x0000000002a40800):  JavaThread "Unknown thread" [_thread_in_vm, id=5488, stack(0x0000000002940000,0x0000000002a40000)]

Stack: [0x0000000002940000,0x0000000002a40000]
[error occurred during error reporting (printing stack bounds), id 0xc0000005]

Native frames: (J=compiled Java code, j=interpreted, Vv=VM code, C=native code)


---------------  P R O C E S S  ---------------

Java Threads: ( => current thread )

Other Threads:

=>0x0000000002a40800 (exited) JavaThread "Unknown thread" [_thread_in_vm, id=5488, stack(0x0000000002940000,0x0000000002a40000)]

VM state:not at safepoint (normal execution)

VM Mutex/Monitor currently owned by a thread: None

Heap:
 PSYoungGen      total 38400K, used 665K [0x00000000eab00000, 0x00000000ed580000, 0x0000000100000000)
  eden space 33280K, 2% used [0x00000000eab00000,0x00000000eaba6670,0x00000000ecb80000)
  from space 5120K, 0% used [0x00000000ed080000,0x00000000ed080000,0x00000000ed580000)
  to   space 5120K, 0% used [0x00000000ecb80000,0x00000000ecb80000,0x00000000ed080000)
 ParOldGen       total 87552K, used 0K [0x00000000c0000000, 0x00000000c5580000, 0x00000000eab00000)
  object space 87552K, 0% used [0x00000000c0000000,0x00000000c0000000,0x00000000c5580000)
 Metaspace       used 771K, capacity 4480K, committed 4480K, reserved 1056768K
  class space    used 73K, capacity 384K, committed 384K, reserved 1048576K

Card table byte_map: [0x0000000011f00000,0x0000000012110000] byte_map_base: 0x0000000011900000

Marking Bits: (ParMarkBitMap*) 0x000000005ffd9d00
 Begin Bits: [0x0000000012a70000, 0x0000000013a70000)
 End Bits:   [0x0000000013a70000, 0x0000000014a70000)

Polling page: 0x0000000000970000

CodeCache: size=245760Kb used=328Kb max_used=328Kb free=245431Kb
 bounds [0x0000000002b40000, 0x0000000002db0000, 0x0000000011b40000]
 total_blobs=57 nmethods=0 adapters=38
 compilation: enabled

Compilation events (0 events):
No events

GC Heap History (0 events):
No events

Deoptimization events (0 events):
No events

Internal exceptions (0 events):
No events

Events (10 events):
Event: 0.246 loading class java/lang/Short
Event: 0.246 loading class java/lang/Short done
Event: 0.246 loading class java/lang/Integer
Event: 0.246 loading class java/lang/Integer done
Event: 0.246 loading class java/lang/Long
Event: 0.246 loading class java/lang/Long done
Event: 0.247 loading class java/lang/NullPointerException
Event: 0.247 loading class java/lang/NullPointerException done
Event: 0.247 loading class java/lang/ArithmeticException
Event: 0.247 loading class java/lang/ArithmeticException done


Dynamic libraries:
0x00007ff73ee20000 - 0x00007ff73ee51000 	C:\Program Files\Android\Android Studio1\jre\bin\java.exe
0x00007ff94af30000 - 0x00007ff94b0dd000 	C:\WINDOWS\SYSTEM32\ntdll.dll
0x00007ff9487d0000 - 0x00007ff94890e000 	C:\WINDOWS\system32\KERNEL32.DLL
0x00007ff948360000 - 0x00007ff948475000 	C:\WINDOWS\system32\KERNELBASE.dll
0x00007ff948ce0000 - 0x00007ff948d8a000 	C:\WINDOWS\system32\ADVAPI32.dll
0x00007ff948970000 - 0x00007ff948ae7000 	C:\WINDOWS\system32\USER32.dll
0x00007ff945fa0000 - 0x00007ff94621b000 	C:\WINDOWS\WinSxS\amd64_microsoft.windows.common-controls_6595b64144ccf1df_6.0.9600.18006_none_623f33d3ecbe86e8\COMCTL32.dll
0x00007ff948c30000 - 0x00007ff948cda000 	C:\WINDOWS\system32\msvcrt.dll
0x00007ff948910000 - 0x00007ff948969000 	C:\WINDOWS\SYSTEM32\sechost.dll
0x00007ff948af0000 - 0x00007ff948c30000 	C:\WINDOWS\system32\RPCRT4.dll
0x00007ff948680000 - 0x00007ff9487cf000 	C:\WINDOWS\system32\GDI32.dll
0x00007ff948530000 - 0x00007ff94855e000 	C:\WINDOWS\system32\SspiCli.dll
0x00007ff94aef0000 - 0x00007ff94af26000 	C:\WINDOWS\system32\IMM32.DLL
0x00007ff94a8f0000 - 0x00007ff94aa42000 	C:\WINDOWS\system32\MSCTF.dll
0x00007ff930430000 - 0x00007ff9304ca000 	C:\WINDOWS\system32\tmumh\20019\AddOn\7.0.0.1101\TmUmEvt64.dll
0x00007ff94aa50000 - 0x00007ff94aa57000 	C:\WINDOWS\system32\PSAPI.DLL
0x00007ff94a880000 - 0x00007ff94a8d4000 	C:\WINDOWS\system32\SHLWAPI.dll
0x00007ff949110000 - 0x00007ff949321000 	C:\WINDOWS\SYSTEM32\combase.dll
0x0000000060550000 - 0x0000000060665000 	C:\WINDOWS\system32\tmumh\20019\TmMon\2.5.0.2030\tmmon64.dll
0x00007ff943030000 - 0x00007ff94303a000 	C:\WINDOWS\SYSTEM32\VERSION.dll
0x000000005f1d0000 - 0x000000005f2a2000 	C:\Program Files\Android\Android Studio1\jre\jre\bin\msvcr100.dll
0x000000005f820000 - 0x0000000060054000 	C:\Program Files\Android\Android Studio1\jre\jre\bin\server\jvm.dll
0x00007ff941e40000 - 0x00007ff941e49000 	C:\WINDOWS\SYSTEM32\WSOCK32.dll
0x00007ff9444d0000 - 0x00007ff9444f2000 	C:\WINDOWS\SYSTEM32\WINMM.dll
0x00007ff949040000 - 0x00007ff94909a000 	C:\WINDOWS\system32\WS2_32.dll
0x00007ff9442f0000 - 0x00007ff94431a000 	C:\WINDOWS\SYSTEM32\WINMMBASE.dll
0x00007ff94a8e0000 - 0x00007ff94a8e9000 	C:\WINDOWS\system32\NSI.dll
0x00007ff948560000 - 0x00007ff9485af000 	C:\WINDOWS\SYSTEM32\cfgmgr32.dll
0x00007ff946e90000 - 0x00007ff946eb8000 	C:\WINDOWS\SYSTEM32\DEVOBJ.dll
0x00007ff946590000 - 0x00007ff94659f000 	C:\Program Files\Android\Android Studio1\jre\jre\bin\verify.dll
0x00007ff9375c0000 - 0x00007ff9375e9000 	C:\Program Files\Android\Android Studio1\jre\jre\bin\java.dll
0x00007ff9454f0000 - 0x00007ff945506000 	C:\Program Files\Android\Android Studio1\jre\jre\bin\zip.dll

VM Arguments:
jvm_args: -Djava.awt.headless=true -Xmx1024M -Dfile.encoding=windows-1252 -Duser.country=US -Duser.language=en -Duser.variant 
java_command: com.android.dx.command.Main --dex --force-jumbo --num-threads=4 --multi-dex --output C:\tmp\folding-cell-android-master\folding-cell-listview-example\intermediates\transforms\dex\debug\folders\1000\10\support-annotations-25.1.0_546ce0843a4e66a189b9a9f0a810186012f0e0cf C:\Users\mtokhais\AppData\Local\Android\sdk\extras\android\m2repository\com\android\support\support-annotations\25.1.0\support-annotations-25.1.0.jar
java_class_path (initial): C:\Users\mtokhais\AppData\Local\Android\sdk\build-tools\23.0.2\lib\dx.jar
Launcher Type: SUN_STANDARD

Environment Variables:
PATH=C:\WINDOWS\system32;C:\WINDOWS;C:\WINDOWS\System32\Wbem;C:\WINDOWS\System32\WindowsPowerShell\v1.0\;C:\Program Files\Microsoft\Web Platform Installer\;C:\Program Files (x86)\Microsoft ASP.NET\ASP.NET Web Pages\v1.0\;C:\Program Files (x86)\Windows Kits\8.0\Windows Performance Toolkit\;C:\Program Files\Microsoft SQL Server\110\Tools\Binn\;C:\Program Files\TortoiseSVN\bin
USERNAME=mtokhais
OS=Windows_NT
PROCESSOR_IDENTIFIER=Intel64 Family 6 Model 60 Stepping 3, GenuineIntel



---------------  S Y S T E M  ---------------

OS: Windows 8.1 , 64 bit Build 9600 (6.3.9600.17415)

CPU:total 8 (4 cores per cpu, 2 threads per core) family 6 model 60 stepping 3, cmov, cx8, fxsr, mmx, sse, sse2, sse3, ssse3, sse4.1, sse4.2, popcnt, avx, avx2, aes, clmul, erms, lzcnt, ht, tsc, tscinvbit, bmi1, bmi2

Memory: 4k page, physical 8294576k(555060k free), swap 33460400k(3816k free)

vm_info: OpenJDK 64-Bit Server VM (25.76-b03) for windows-amd64 JRE (1.8.0_76-release-b03), built on Jun 29 2016 19:09:20 by "ralucas" with MS VC++ 10.0 (VS2010)

time: Tue Dec 27 12:33:05 2016
elapsed time: 0 seconds (0d 0h 0m 0s)

